--------------------- START ---------------------
--- Top 98 processes that take CPU time ---
-------------------------------------------------
Pid: 56865, delta processor time 9994 ms, total processor time 9994 ms
Pid: 56860, delta processor time 9961 ms, total processor time 9961 ms
Pid: 56866, delta processor time 9944 ms, total processor time 9944 ms
Pid: 56862, delta processor time 9886 ms, total processor time 9886 ms
Pid: 56861, delta processor time 9732 ms, total processor time 9732 ms
Pid: 56864, delta processor time 9720 ms, total processor time 9720 ms
Pid: 56863, delta processor time 9702 ms, total processor time 9702 ms
Pid: 56867, delta processor time 9551 ms, total processor time 9551 ms
Pid: 52998, delta processor time 17 ms, total processor time 17 ms
Pid: 56902, delta processor time 15 ms, total processor time 15 ms
Pid: 56923, delta processor time 14 ms, total processor time 14 ms
Pid: 52723, delta processor time 11 ms, total processor time 11 ms
Pid: 52653, delta processor time 10 ms, total processor time 10 ms
Pid: 52984, delta processor time 9 ms, total processor time 9 ms
Pid: 988, delta processor time 7 ms, total processor time 7 ms
Pid: 56904, delta processor time 5 ms, total processor time 5 ms
Pid: 56925, delta processor time 5 ms, total processor time 5 ms
Pid: 52684, delta processor time 3 ms, total processor time 3 ms
Pid: 43709, delta processor time 2 ms, total processor time 2 ms
Pid: 56932, delta processor time 1 ms, total processor time 1 ms
Pid: 15, delta processor time 1 ms, total processor time 1 ms
Pid: 56911, delta processor time 1 ms, total processor time 1 ms
Pid: 56926, delta processor time 1 ms, total processor time 1 ms
Pid: 56901, delta processor time 1 ms, total processor time 1 ms
Pid: 56905, delta processor time 1 ms, total processor time 1 ms
Pid: 56922, delta processor time 1 ms, total processor time 1 ms
Pid: 56920, delta processor time 1 ms, total processor time 1 ms
Pid: 56924, delta processor time 1 ms, total processor time 1 ms
Pid: 56899, delta processor time 1 ms, total processor time 1 ms
Pid: 31, delta processor time 1 ms, total processor time 1 ms
Pid: 56903, delta processor time 1 ms, total processor time 1 ms
Pid: 54678, delta processor time 1 ms, total processor time 1 ms
Pid: 56909, delta processor time 1 ms, total processor time 1 ms
Pid: 56935, delta processor time 1 ms, total processor time 1 ms
Pid: 56928, delta processor time 1 ms, total processor time 1 ms
Pid: 56916, delta processor time 0 ms, total processor time 0 ms
Pid: 56937, delta processor time 0 ms, total processor time 0 ms
Pid: 56914, delta processor time 0 ms, total processor time 0 ms
Pid: 56918, delta processor time 0 ms, total processor time 0 ms
Pid: 56927, delta processor time 0 ms, total processor time 0 ms
Pid: 56939, delta processor time 0 ms, total processor time 0 ms
Pid: 56912, delta processor time 0 ms, total processor time 0 ms
Pid: 56907, delta processor time 0 ms, total processor time 0 ms
Pid: 56929, delta processor time 0 ms, total processor time 0 ms
Pid: 56906, delta processor time 0 ms, total processor time 0 ms
Pid: 56908, delta processor time 0 ms, total processor time 0 ms
Pid: 56933, delta processor time 0 ms, total processor time 0 ms
Pid: 56930, delta processor time 0 ms, total processor time 0 ms
Pid: 1143, delta processor time 0 ms, total processor time 0 ms
Pid: 56931, delta processor time 0 ms, total processor time 0 ms
Pid: 56900, delta processor time 0 ms, total processor time 0 ms
Pid: 56910, delta processor time 0 ms, total processor time 0 ms
Pid: 56921, delta processor time 0 ms, total processor time 0 ms
Pid: 665, delta processor time 0 ms, total processor time 0 ms
Pid: 56919, delta processor time 0 ms, total processor time 0 ms
Pid: 704, delta processor time 0 ms, total processor time 0 ms
Pid: 56915, delta processor time 0 ms, total processor time 0 ms
Pid: 56934, delta processor time 0 ms, total processor time 0 ms
Pid: 56913, delta processor time 0 ms, total processor time 0 ms
Pid: 42583, delta processor time 0 ms, total processor time 0 ms
Pid: 52967, delta processor time 0 ms, total processor time 0 ms
Pid: 56917, delta processor time 0 ms, total processor time 0 ms
Pid: 56936, delta processor time 0 ms, total processor time 0 ms
Pid: 56938, delta processor time 0 ms, total processor time 0 ms
Pid: 56940, delta processor time 0 ms, total processor time 0 ms
Pid: 28280, delta processor time 0 ms, total processor time 0 ms
Pid: 41, delta processor time 0 ms, total processor time 0 ms
Pid: 668, delta processor time 0 ms, total processor time 0 ms
Pid: 49510, delta processor time 0 ms, total processor time 0 ms
Pid: 43099, delta processor time 0 ms, total processor time 0 ms
Pid: 1107, delta processor time 0 ms, total processor time 0 ms
Pid: 305, delta processor time 0 ms, total processor time 0 ms
Pid: 970, delta processor time 0 ms, total processor time 0 ms
Pid: 42395, delta processor time 0 ms, total processor time 0 ms
Pid: 924, delta processor time 0 ms, total processor time 0 ms
Pid: 68, delta processor time 0 ms, total processor time 0 ms
Pid: 28391, delta processor time 0 ms, total processor time 0 ms
Pid: 42199, delta processor time 0 ms, total processor time 0 ms
Pid: 28330, delta processor time 0 ms, total processor time 0 ms
Pid: 819, delta processor time 0 ms, total processor time 0 ms
Pid: 358, delta processor time 0 ms, total processor time 0 ms
Pid: 28374, delta processor time 0 ms, total processor time 0 ms
Pid: 208, delta processor time 0 ms, total processor time 0 ms
Pid: 706, delta processor time 0 ms, total processor time 0 ms
Pid: 70, delta processor time 0 ms, total processor time 0 ms
Pid: 199, delta processor time 0 ms, total processor time 0 ms
Pid: 51, delta processor time 0 ms, total processor time 0 ms
Pid: 46, delta processor time 0 ms, total processor time 0 ms
Pid: 21, delta processor time 0 ms, total processor time 0 ms
Pid: 16, delta processor time 0 ms, total processor time 0 ms
Pid: 20, delta processor time 0 ms, total processor time 0 ms
Pid: 35, delta processor time 0 ms, total processor time 0 ms
Pid: 25, delta processor time 0 ms, total processor time 0 ms
Pid: 30, delta processor time 0 ms, total processor time 0 ms
Pid: 45, delta processor time 0 ms, total processor time 0 ms
Pid: 50, delta processor time 0 ms, total processor time 0 ms
Pid: 40, delta processor time 0 ms, total processor time 0 ms
Pid: 26, delta processor time 0 ms, total processor time 0 ms
-------------------------------------------------
-------- Total idle time 0 ms --------
-------------------------------------------------
--------------------- START ---------------------
--- Top 99 processes that take CPU time ---
-------------------------------------------------
Pid: 56867, delta processor time 10431 ms, total processor time 19982 ms
Pid: 56864, delta processor time 10234 ms, total processor time 19955 ms
Pid: 56863, delta processor time 10209 ms, total processor time 19911 ms
Pid: 56862, delta processor time 10061 ms, total processor time 19948 ms
Pid: 56861, delta processor time 10048 ms, total processor time 19780 ms
Pid: 56865, delta processor time 9998 ms, total processor time 19992 ms
Pid: 56860, delta processor time 9981 ms, total processor time 19942 ms
Pid: 56866, delta processor time 9958 ms, total processor time 19903 ms
Pid: 52723, delta processor time 16 ms, total processor time 28 ms
Pid: 52653, delta processor time 12 ms, total processor time 22 ms
Pid: 52984, delta processor time 8 ms, total processor time 18 ms
Pid: 52998, delta processor time 6 ms, total processor time 24 ms
Pid: 52684, delta processor time 3 ms, total processor time 7 ms
Pid: 43709, delta processor time 2 ms, total processor time 4 ms
Pid: 15, delta processor time 1 ms, total processor time 2 ms
Pid: 54678, delta processor time 1 ms, total processor time 2 ms
Pid: 31, delta processor time 1 ms, total processor time 2 ms
Pid: 52967, delta processor time 0 ms, total processor time 1 ms
Pid: 988, delta processor time 0 ms, total processor time 8 ms
Pid: 704, delta processor time 0 ms, total processor time 1 ms
Pid: 56898, delta processor time 0 ms, total processor time 0 ms
Pid: 42583, delta processor time 0 ms, total processor time 0 ms
Pid: 28280, delta processor time 0 ms, total processor time 0 ms
Pid: 668, delta processor time 0 ms, total processor time 0 ms
Pid: 1107, delta processor time 0 ms, total processor time 0 ms
Pid: 43099, delta processor time 0 ms, total processor time 0 ms
Pid: 970, delta processor time 0 ms, total processor time 0 ms
Pid: 28391, delta processor time 0 ms, total processor time 0 ms
Pid: 68, delta processor time 0 ms, total processor time 0 ms
Pid: 665, delta processor time 0 ms, total processor time 0 ms
Pid: 305, delta processor time 0 ms, total processor time 0 ms
Pid: 42395, delta processor time 0 ms, total processor time 0 ms
Pid: 924, delta processor time 0 ms, total processor time 0 ms
Pid: 28374, delta processor time 0 ms, total processor time 0 ms
Pid: 42199, delta processor time 0 ms, total processor time 0 ms
Pid: 49510, delta processor time 0 ms, total processor time 0 ms
Pid: 28330, delta processor time 0 ms, total processor time 0 ms
Pid: 70, delta processor time 0 ms, total processor time 0 ms
Pid: 819, delta processor time 0 ms, total processor time 0 ms
Pid: 208, delta processor time 0 ms, total processor time 0 ms
Pid: 706, delta processor time 0 ms, total processor time 0 ms
Pid: 20, delta processor time 0 ms, total processor time 0 ms
Pid: 16, delta processor time 0 ms, total processor time 0 ms
Pid: 45, delta processor time 0 ms, total processor time 0 ms
Pid: 50, delta processor time 0 ms, total processor time 0 ms
Pid: 40, delta processor time 0 ms, total processor time 0 ms
Pid: 35, delta processor time 0 ms, total processor time 0 ms
Pid: 25, delta processor time 0 ms, total processor time 0 ms
Pid: 30, delta processor time 0 ms, total processor time 0 ms
Pid: 56902, delta processor time 0 ms, total processor time 15 ms
Pid: 56923, delta processor time 0 ms, total processor time 14 ms
Pid: 56904, delta processor time 0 ms, total processor time 5 ms
Pid: 56925, delta processor time 0 ms, total processor time 5 ms
Pid: 56932, delta processor time 0 ms, total processor time 1 ms
Pid: 56911, delta processor time 0 ms, total processor time 1 ms
Pid: 56926, delta processor time 0 ms, total processor time 1 ms
Pid: 56901, delta processor time 0 ms, total processor time 1 ms
Pid: 56905, delta processor time 0 ms, total processor time 1 ms
Pid: 56922, delta processor time 0 ms, total processor time 1 ms
Pid: 56920, delta processor time 0 ms, total processor time 1 ms
Pid: 56924, delta processor time 0 ms, total processor time 1 ms
Pid: 56899, delta processor time 0 ms, total processor time 1 ms
Pid: 56903, delta processor time 0 ms, total processor time 1 ms
Pid: 56909, delta processor time 0 ms, total processor time 1 ms
Pid: 56935, delta processor time 0 ms, total processor time 1 ms
Pid: 56928, delta processor time 0 ms, total processor time 1 ms
Pid: 56916, delta processor time 0 ms, total processor time 0 ms
Pid: 56937, delta processor time 0 ms, total processor time 0 ms
Pid: 56914, delta processor time 0 ms, total processor time 0 ms
Pid: 56918, delta processor time 0 ms, total processor time 0 ms
Pid: 56927, delta processor time 0 ms, total processor time 0 ms
Pid: 56939, delta processor time 0 ms, total processor time 0 ms
Pid: 56912, delta processor time 0 ms, total processor time 0 ms
Pid: 56907, delta processor time 0 ms, total processor time 0 ms
Pid: 56929, delta processor time 0 ms, total processor time 0 ms
Pid: 56906, delta processor time 0 ms, total processor time 0 ms
Pid: 56908, delta processor time 0 ms, total processor time 0 ms
Pid: 56933, delta processor time 0 ms, total processor time 0 ms
Pid: 56930, delta processor time 0 ms, total processor time 0 ms
Pid: 1143, delta processor time 0 ms, total processor time 0 ms
Pid: 56931, delta processor time 0 ms, total processor time 0 ms
Pid: 56900, delta processor time 0 ms, total processor time 0 ms
Pid: 56910, delta processor time 0 ms, total processor time 0 ms
Pid: 56921, delta processor time 0 ms, total processor time 0 ms
Pid: 56919, delta processor time 0 ms, total processor time 0 ms
Pid: 56915, delta processor time 0 ms, total processor time 0 ms
Pid: 56934, delta processor time 0 ms, total processor time 0 ms
Pid: 56913, delta processor time 0 ms, total processor time 0 ms
Pid: 56917, delta processor time 0 ms, total processor time 0 ms
Pid: 56936, delta processor time 0 ms, total processor time 0 ms
Pid: 56938, delta processor time 0 ms, total processor time 0 ms
Pid: 56940, delta processor time 0 ms, total processor time 0 ms
Pid: 41, delta processor time 0 ms, total processor time 0 ms
Pid: 358, delta processor time 0 ms, total processor time 0 ms
Pid: 199, delta processor time 0 ms, total processor time 0 ms
Pid: 51, delta processor time 0 ms, total processor time 0 ms
Pid: 46, delta processor time 0 ms, total processor time 0 ms
Pid: 21, delta processor time 0 ms, total processor time 0 ms
Pid: 26, delta processor time 0 ms, total processor time 0 ms
-------------------------------------------------
-------- Total idle time 0 ms --------
-------------------------------------------------
--------------------- START ---------------------
--- Top 103 processes that take CPU time ---
-------------------------------------------------
Pid: 56866, delta processor time 9983 ms, total processor time 29886 ms
Pid: 56865, delta processor time 9982 ms, total processor time 29975 ms
Pid: 56867, delta processor time 9946 ms, total processor time 29928 ms
Pid: 56864, delta processor time 9940 ms, total processor time 29895 ms
Pid: 56861, delta processor time 9937 ms, total processor time 29718 ms
Pid: 56862, delta processor time 9923 ms, total processor time 29871 ms
Pid: 56860, delta processor time 9867 ms, total processor time 29810 ms
Pid: 56863, delta processor time 9780 ms, total processor time 29692 ms
Pid: 52984, delta processor time 22 ms, total processor time 41 ms
Pid: 52653, delta processor time 11 ms, total processor time 34 ms
Pid: 988, delta processor time 8 ms, total processor time 16 ms
Pid: 52998, delta processor time 8 ms, total processor time 32 ms
Pid: 52723, delta processor time 3 ms, total processor time 31 ms
Pid: 52684, delta processor time 2 ms, total processor time 10 ms
Pid: 43709, delta processor time 2 ms, total processor time 7 ms
Pid: 15, delta processor time 1 ms, total processor time 4 ms
Pid: 31, delta processor time 1 ms, total processor time 3 ms
Pid: 704, delta processor time 0 ms, total processor time 2 ms
Pid: 52967, delta processor time 0 ms, total processor time 2 ms
Pid: 54678, delta processor time 0 ms, total processor time 3 ms
Pid: 665, delta processor time 0 ms, total processor time 1 ms
Pid: 56898, delta processor time 0 ms, total processor time 0 ms
Pid: 52278, delta processor time 0 ms, total processor time 0 ms
Pid: 668, delta processor time 0 ms, total processor time 0 ms
Pid: 1107, delta processor time 0 ms, total processor time 0 ms
Pid: 42583, delta processor time 0 ms, total processor time 1 ms
Pid: 28280, delta processor time 0 ms, total processor time 0 ms
Pid: 970, delta processor time 0 ms, total processor time 0 ms
Pid: 630, delta processor time 0 ms, total processor time 0 ms
Pid: 924, delta processor time 0 ms, total processor time 0 ms
Pid: 28391, delta processor time 0 ms, total processor time 0 ms
Pid: 42395, delta processor time 0 ms, total processor time 0 ms
Pid: 68, delta processor time 0 ms, total processor time 0 ms
Pid: 305, delta processor time 0 ms, total processor time 0 ms
Pid: 43099, delta processor time 0 ms, total processor time 0 ms
Pid: 1, delta processor time 0 ms, total processor time 0 ms
Pid: 208, delta processor time 0 ms, total processor time 0 ms
Pid: 28374, delta processor time 0 ms, total processor time 0 ms
Pid: 49510, delta processor time 0 ms, total processor time 0 ms
Pid: 28330, delta processor time 0 ms, total processor time 0 ms
Pid: 70, delta processor time 0 ms, total processor time 0 ms
Pid: 819, delta processor time 0 ms, total processor time 0 ms
Pid: 42199, delta processor time 0 ms, total processor time 0 ms
Pid: 706, delta processor time 0 ms, total processor time 0 ms
Pid: 16, delta processor time 0 ms, total processor time 0 ms
Pid: 20, delta processor time 0 ms, total processor time 0 ms
Pid: 78, delta processor time 0 ms, total processor time 0 ms
Pid: 30, delta processor time 0 ms, total processor time 0 ms
Pid: 40, delta processor time 0 ms, total processor time 0 ms
Pid: 50, delta processor time 0 ms, total processor time 0 ms
Pid: 25, delta processor time 0 ms, total processor time 0 ms
Pid: 45, delta processor time 0 ms, total processor time 0 ms
Pid: 35, delta processor time 0 ms, total processor time 0 ms
Pid: 56902, delta processor time 0 ms, total processor time 15 ms
Pid: 56923, delta processor time 0 ms, total processor time 14 ms
Pid: 56904, delta processor time 0 ms, total processor time 5 ms
Pid: 56925, delta processor time 0 ms, total processor time 5 ms
Pid: 56932, delta processor time 0 ms, total processor time 1 ms
Pid: 56911, delta processor time 0 ms, total processor time 1 ms
Pid: 56926, delta processor time 0 ms, total processor time 1 ms
Pid: 56901, delta processor time 0 ms, total processor time 1 ms
Pid: 56905, delta processor time 0 ms, total processor time 1 ms
Pid: 56922, delta processor time 0 ms, total processor time 1 ms
Pid: 56920, delta processor time 0 ms, total processor time 1 ms
Pid: 56924, delta processor time 0 ms, total processor time 1 ms
Pid: 56899, delta processor time 0 ms, total processor time 1 ms
Pid: 56903, delta processor time 0 ms, total processor time 1 ms
Pid: 56909, delta processor time 0 ms, total processor time 1 ms
Pid: 56935, delta processor time 0 ms, total processor time 1 ms
Pid: 56928, delta processor time 0 ms, total processor time 1 ms
Pid: 56916, delta processor time 0 ms, total processor time 0 ms
Pid: 56937, delta processor time 0 ms, total processor time 0 ms
Pid: 56914, delta processor time 0 ms, total processor time 0 ms
Pid: 56918, delta processor time 0 ms, total processor time 0 ms
Pid: 56927, delta processor time 0 ms, total processor time 0 ms
Pid: 56939, delta processor time 0 ms, total processor time 0 ms
Pid: 56912, delta processor time 0 ms, total processor time 0 ms
Pid: 56907, delta processor time 0 ms, total processor time 0 ms
Pid: 56929, delta processor time 0 ms, total processor time 0 ms
Pid: 56906, delta processor time 0 ms, total processor time 0 ms
Pid: 56908, delta processor time 0 ms, total processor time 0 ms
Pid: 56933, delta processor time 0 ms, total processor time 0 ms
Pid: 56930, delta processor time 0 ms, total processor time 0 ms
Pid: 1143, delta processor time 0 ms, total processor time 0 ms
Pid: 56931, delta processor time 0 ms, total processor time 0 ms
Pid: 56900, delta processor time 0 ms, total processor time 0 ms
Pid: 56910, delta processor time 0 ms, total processor time 0 ms
Pid: 56921, delta processor time 0 ms, total processor time 0 ms
Pid: 56919, delta processor time 0 ms, total processor time 0 ms
Pid: 56915, delta processor time 0 ms, total processor time 0 ms
Pid: 56934, delta processor time 0 ms, total processor time 0 ms
Pid: 56913, delta processor time 0 ms, total processor time 0 ms
Pid: 56917, delta processor time 0 ms, total processor time 0 ms
Pid: 56936, delta processor time 0 ms, total processor time 0 ms
Pid: 56938, delta processor time 0 ms, total processor time 0 ms
Pid: 56940, delta processor time 0 ms, total processor time 0 ms
Pid: 41, delta processor time 0 ms, total processor time 0 ms
Pid: 358, delta processor time 0 ms, total processor time 0 ms
Pid: 199, delta processor time 0 ms, total processor time 0 ms
Pid: 51, delta processor time 0 ms, total processor time 0 ms
Pid: 46, delta processor time 0 ms, total processor time 0 ms
Pid: 21, delta processor time 0 ms, total processor time 0 ms
Pid: 26, delta processor time 0 ms, total processor time 0 ms
-------------------------------------------------
-------- Total idle time 0 ms --------
-------------------------------------------------
--------------------- START ---------------------
--- Top 106 processes that take CPU time ---
-------------------------------------------------
Pid: 56863, delta processor time 10216 ms, total processor time 39908 ms
Pid: 56860, delta processor time 10130 ms, total processor time 39940 ms
Pid: 56862, delta processor time 10070 ms, total processor time 39941 ms
Pid: 56861, delta processor time 10055 ms, total processor time 39773 ms
Pid: 56867, delta processor time 10050 ms, total processor time 39979 ms
Pid: 56864, delta processor time 10042 ms, total processor time 39937 ms
Pid: 56865, delta processor time 9984 ms, total processor time 39959 ms
Pid: 56866, delta processor time 9961 ms, total processor time 39847 ms
Pid: 988, delta processor time 11 ms, total processor time 28 ms
Pid: 52984, delta processor time 11 ms, total processor time 52 ms
Pid: 52998, delta processor time 7 ms, total processor time 40 ms
Pid: 52653, delta processor time 6 ms, total processor time 40 ms
Pid: 52723, delta processor time 5 ms, total processor time 37 ms
Pid: 52684, delta processor time 3 ms, total processor time 13 ms
Pid: 43709, delta processor time 2 ms, total processor time 9 ms
Pid: 15, delta processor time 1 ms, total processor time 5 ms
Pid: 31, delta processor time 1 ms, total processor time 4 ms
Pid: 704, delta processor time 0 ms, total processor time 3 ms
Pid: 52967, delta processor time 0 ms, total processor time 3 ms
Pid: 668, delta processor time 0 ms, total processor time 1 ms
Pid: 1107, delta processor time 0 ms, total processor time 1 ms
Pid: 52278, delta processor time 0 ms, total processor time 0 ms
Pid: 56898, delta processor time 0 ms, total processor time 1 ms
Pid: 54678, delta processor time 0 ms, total processor time 3 ms
Pid: 42583, delta processor time 0 ms, total processor time 1 ms
Pid: 28280, delta processor time 0 ms, total processor time 0 ms
Pid: 665, delta processor time 0 ms, total processor time 1 ms
Pid: 970, delta processor time 0 ms, total processor time 0 ms
Pid: 68, delta processor time 0 ms, total processor time 0 ms
Pid: 28391, delta processor time 0 ms, total processor time 0 ms
Pid: 43099, delta processor time 0 ms, total processor time 0 ms
Pid: 305, delta processor time 0 ms, total processor time 0 ms
Pid: 42395, delta processor time 0 ms, total processor time 0 ms
Pid: 924, delta processor time 0 ms, total processor time 0 ms
Pid: 28374, delta processor time 0 ms, total processor time 0 ms
Pid: 49510, delta processor time 0 ms, total processor time 0 ms
Pid: 28330, delta processor time 0 ms, total processor time 0 ms
Pid: 819, delta processor time 0 ms, total processor time 0 ms
Pid: 667, delta processor time 0 ms, total processor time 0 ms
Pid: 65, delta processor time 0 ms, total processor time 0 ms
Pid: 70, delta processor time 0 ms, total processor time 0 ms
Pid: 42199, delta processor time 0 ms, total processor time 0 ms
Pid: 208, delta processor time 0 ms, total processor time 0 ms
Pid: 706, delta processor time 0 ms, total processor time 0 ms
Pid: 36, delta processor time 0 ms, total processor time 0 ms
Pid: 16, delta processor time 0 ms, total processor time 0 ms
Pid: 20, delta processor time 0 ms, total processor time 0 ms
Pid: 25, delta processor time 0 ms, total processor time 0 ms
Pid: 35, delta processor time 0 ms, total processor time 0 ms
Pid: 30, delta processor time 0 ms, total processor time 0 ms
Pid: 40, delta processor time 0 ms, total processor time 0 ms
Pid: 45, delta processor time 0 ms, total processor time 0 ms
Pid: 50, delta processor time 0 ms, total processor time 0 ms
Pid: 56902, delta processor time 0 ms, total processor time 15 ms
Pid: 56923, delta processor time 0 ms, total processor time 14 ms
Pid: 56904, delta processor time 0 ms, total processor time 5 ms
Pid: 56925, delta processor time 0 ms, total processor time 5 ms
Pid: 56932, delta processor time 0 ms, total processor time 1 ms
Pid: 56911, delta processor time 0 ms, total processor time 1 ms
Pid: 56926, delta processor time 0 ms, total processor time 1 ms
Pid: 56901, delta processor time 0 ms, total processor time 1 ms
Pid: 56905, delta processor time 0 ms, total processor time 1 ms
Pid: 56922, delta processor time 0 ms, total processor time 1 ms
Pid: 56920, delta processor time 0 ms, total processor time 1 ms
Pid: 56924, delta processor time 0 ms, total processor time 1 ms
Pid: 56899, delta processor time 0 ms, total processor time 1 ms
Pid: 56903, delta processor time 0 ms, total processor time 1 ms
Pid: 56909, delta processor time 0 ms, total processor time 1 ms
Pid: 56935, delta processor time 0 ms, total processor time 1 ms
Pid: 56928, delta processor time 0 ms, total processor time 1 ms
Pid: 56916, delta processor time 0 ms, total processor time 0 ms
Pid: 56937, delta processor time 0 ms, total processor time 0 ms
Pid: 56914, delta processor time 0 ms, total processor time 0 ms
Pid: 56918, delta processor time 0 ms, total processor time 0 ms
Pid: 56927, delta processor time 0 ms, total processor time 0 ms
Pid: 56939, delta processor time 0 ms, total processor time 0 ms
Pid: 56912, delta processor time 0 ms, total processor time 0 ms
Pid: 56907, delta processor time 0 ms, total processor time 0 ms
Pid: 56929, delta processor time 0 ms, total processor time 0 ms
Pid: 56906, delta processor time 0 ms, total processor time 0 ms
Pid: 56908, delta processor time 0 ms, total processor time 0 ms
Pid: 56933, delta processor time 0 ms, total processor time 0 ms
Pid: 56930, delta processor time 0 ms, total processor time 0 ms
Pid: 1143, delta processor time 0 ms, total processor time 0 ms
Pid: 56931, delta processor time 0 ms, total processor time 0 ms
Pid: 56900, delta processor time 0 ms, total processor time 0 ms
Pid: 56910, delta processor time 0 ms, total processor time 0 ms
Pid: 56921, delta processor time 0 ms, total processor time 0 ms
Pid: 56919, delta processor time 0 ms, total processor time 0 ms
Pid: 56915, delta processor time 0 ms, total processor time 0 ms
Pid: 56934, delta processor time 0 ms, total processor time 0 ms
Pid: 56913, delta processor time 0 ms, total processor time 0 ms
Pid: 56917, delta processor time 0 ms, total processor time 0 ms
Pid: 56936, delta processor time 0 ms, total processor time 0 ms
Pid: 56938, delta processor time 0 ms, total processor time 0 ms
Pid: 56940, delta processor time 0 ms, total processor time 0 ms
Pid: 41, delta processor time 0 ms, total processor time 0 ms
Pid: 630, delta processor time 0 ms, total processor time 0 ms
Pid: 1, delta processor time 0 ms, total processor time 0 ms
Pid: 358, delta processor time 0 ms, total processor time 0 ms
Pid: 199, delta processor time 0 ms, total processor time 0 ms
Pid: 51, delta processor time 0 ms, total processor time 0 ms
Pid: 78, delta processor time 0 ms, total processor time 0 ms
Pid: 46, delta processor time 0 ms, total processor time 0 ms
Pid: 21, delta processor time 0 ms, total processor time 0 ms
Pid: 26, delta processor time 0 ms, total processor time 0 ms
-------------------------------------------------
-------- Total idle time 0 ms --------
-------------------------------------------------
--------------------- START ---------------------
--- Top 107 processes that take CPU time ---
-------------------------------------------------
Pid: 56865, delta processor time 9998 ms, total processor time 49958 ms
Pid: 56863, delta processor time 9992 ms, total processor time 49900 ms
Pid: 56860, delta processor time 9975 ms, total processor time 49916 ms
Pid: 56861, delta processor time 9957 ms, total processor time 49731 ms
Pid: 56866, delta processor time 9932 ms, total processor time 49780 ms
Pid: 56862, delta processor time 9926 ms, total processor time 49868 ms
Pid: 56864, delta processor time 9890 ms, total processor time 49828 ms
Pid: 56867, delta processor time 8704 ms, total processor time 48683 ms
Pid: 52653, delta processor time 11 ms, total processor time 52 ms
Pid: 52984, delta processor time 9 ms, total processor time 61 ms
Pid: 52998, delta processor time 7 ms, total processor time 47 ms
Pid: 52723, delta processor time 3 ms, total processor time 40 ms
Pid: 52684, delta processor time 3 ms, total processor time 17 ms
Pid: 43709, delta processor time 2 ms, total processor time 12 ms
Pid: 15, delta processor time 1 ms, total processor time 6 ms
Pid: 31, delta processor time 1 ms, total processor time 5 ms
Pid: 52967, delta processor time 0 ms, total processor time 4 ms
Pid: 988, delta processor time 0 ms, total processor time 29 ms
Pid: 54678, delta processor time 0 ms, total processor time 4 ms
Pid: 91, delta processor time 0 ms, total processor time 0 ms
Pid: 704, delta processor time 0 ms, total processor time 3 ms
Pid: 52278, delta processor time 0 ms, total processor time 1 ms
Pid: 56898, delta processor time 0 ms, total processor time 1 ms
Pid: 42583, delta processor time 0 ms, total processor time 1 ms
Pid: 28280, delta processor time 0 ms, total processor time 1 ms
Pid: 668, delta processor time 0 ms, total processor time 1 ms
Pid: 1107, delta processor time 0 ms, total processor time 1 ms
Pid: 665, delta processor time 0 ms, total processor time 1 ms
Pid: 305, delta processor time 0 ms, total processor time 0 ms
Pid: 68, delta processor time 0 ms, total processor time 0 ms
Pid: 924, delta processor time 0 ms, total processor time 0 ms
Pid: 28391, delta processor time 0 ms, total processor time 0 ms
Pid: 970, delta processor time 0 ms, total processor time 0 ms
Pid: 43099, delta processor time 0 ms, total processor time 0 ms
Pid: 42395, delta processor time 0 ms, total processor time 0 ms
Pid: 28330, delta processor time 0 ms, total processor time 0 ms
Pid: 28374, delta processor time 0 ms, total processor time 0 ms
Pid: 49510, delta processor time 0 ms, total processor time 0 ms
Pid: 208, delta processor time 0 ms, total processor time 0 ms
Pid: 819, delta processor time 0 ms, total processor time 0 ms
Pid: 706, delta processor time 0 ms, total processor time 0 ms
Pid: 42199, delta processor time 0 ms, total processor time 0 ms
Pid: 16, delta processor time 0 ms, total processor time 0 ms
Pid: 20, delta processor time 0 ms, total processor time 0 ms
Pid: 50, delta processor time 0 ms, total processor time 0 ms
Pid: 40, delta processor time 0 ms, total processor time 0 ms
Pid: 45, delta processor time 0 ms, total processor time 0 ms
Pid: 35, delta processor time 0 ms, total processor time 0 ms
Pid: 25, delta processor time 0 ms, total processor time 0 ms
Pid: 30, delta processor time 0 ms, total processor time 0 ms
Pid: 56902, delta processor time 0 ms, total processor time 15 ms
Pid: 56923, delta processor time 0 ms, total processor time 14 ms
Pid: 56904, delta processor time 0 ms, total processor time 5 ms
Pid: 56925, delta processor time 0 ms, total processor time 5 ms
Pid: 56932, delta processor time 0 ms, total processor time 1 ms
Pid: 56911, delta processor time 0 ms, total processor time 1 ms
Pid: 56926, delta processor time 0 ms, total processor time 1 ms
Pid: 56901, delta processor time 0 ms, total processor time 1 ms
Pid: 56905, delta processor time 0 ms, total processor time 1 ms
Pid: 56922, delta processor time 0 ms, total processor time 1 ms
Pid: 56920, delta processor time 0 ms, total processor time 1 ms
Pid: 56924, delta processor time 0 ms, total processor time 1 ms
Pid: 56899, delta processor time 0 ms, total processor time 1 ms
Pid: 56903, delta processor time 0 ms, total processor time 1 ms
Pid: 56909, delta processor time 0 ms, total processor time 1 ms
Pid: 56935, delta processor time 0 ms, total processor time 1 ms
Pid: 56928, delta processor time 0 ms, total processor time 1 ms
Pid: 56916, delta processor time 0 ms, total processor time 0 ms
Pid: 56937, delta processor time 0 ms, total processor time 0 ms
Pid: 56914, delta processor time 0 ms, total processor time 0 ms
Pid: 56918, delta processor time 0 ms, total processor time 0 ms
Pid: 56927, delta processor time 0 ms, total processor time 0 ms
Pid: 56939, delta processor time 0 ms, total processor time 0 ms
Pid: 56912, delta processor time 0 ms, total processor time 0 ms
Pid: 56907, delta processor time 0 ms, total processor time 0 ms
Pid: 56929, delta processor time 0 ms, total processor time 0 ms
Pid: 56906, delta processor time 0 ms, total processor time 0 ms
Pid: 56908, delta processor time 0 ms, total processor time 0 ms
Pid: 56933, delta processor time 0 ms, total processor time 0 ms
Pid: 56930, delta processor time 0 ms, total processor time 0 ms
Pid: 1143, delta processor time 0 ms, total processor time 0 ms
Pid: 56931, delta processor time 0 ms, total processor time 0 ms
Pid: 56900, delta processor time 0 ms, total processor time 0 ms
Pid: 56910, delta processor time 0 ms, total processor time 0 ms
Pid: 56921, delta processor time 0 ms, total processor time 0 ms
Pid: 56919, delta processor time 0 ms, total processor time 0 ms
Pid: 56915, delta processor time 0 ms, total processor time 0 ms
Pid: 56934, delta processor time 0 ms, total processor time 0 ms
Pid: 56913, delta processor time 0 ms, total processor time 0 ms
Pid: 56917, delta processor time 0 ms, total processor time 0 ms
Pid: 56936, delta processor time 0 ms, total processor time 0 ms
Pid: 56938, delta processor time 0 ms, total processor time 0 ms
Pid: 56940, delta processor time 0 ms, total processor time 0 ms
Pid: 41, delta processor time 0 ms, total processor time 0 ms
Pid: 70, delta processor time 0 ms, total processor time 0 ms
Pid: 630, delta processor time 0 ms, total processor time 0 ms
Pid: 1, delta processor time 0 ms, total processor time 0 ms
Pid: 358, delta processor time 0 ms, total processor time 0 ms
Pid: 667, delta processor time 0 ms, total processor time 0 ms
Pid: 65, delta processor time 0 ms, total processor time 0 ms
Pid: 199, delta processor time 0 ms, total processor time 0 ms
Pid: 51, delta processor time 0 ms, total processor time 0 ms
Pid: 36, delta processor time 0 ms, total processor time 0 ms
Pid: 78, delta processor time 0 ms, total processor time 0 ms
Pid: 46, delta processor time 0 ms, total processor time 0 ms
Pid: 21, delta processor time 0 ms, total processor time 0 ms
Pid: 26, delta processor time 0 ms, total processor time 0 ms
-------------------------------------------------
-------- Total idle time 0 ms --------
-------------------------------------------------