--------------------- START ---------------------
--- Top 107 processes that take CPU time ---
-------------------------------------------------
Pid: 57034, delta processor time 9119 ms, total processor time 9119 ms
Pid: 52984, delta processor time 71 ms, total processor time 71 ms
Pid: 52653, delta processor time 32 ms, total processor time 32 ms
Pid: 52684, delta processor time 30 ms, total processor time 30 ms
Pid: 52998, delta processor time 11 ms, total processor time 11 ms
Pid: 57075, delta processor time 10 ms, total processor time 10 ms
Pid: 57097, delta processor time 10 ms, total processor time 10 ms
Pid: 52723, delta processor time 8 ms, total processor time 8 ms
Pid: 57077, delta processor time 4 ms, total processor time 4 ms
Pid: 57099, delta processor time 4 ms, total processor time 4 ms
Pid: 15, delta processor time 3 ms, total processor time 3 ms
Pid: 57116, delta processor time 2 ms, total processor time 2 ms
Pid: 57115, delta processor time 2 ms, total processor time 2 ms
Pid: 57093, delta processor time 2 ms, total processor time 2 ms
Pid: 43709, delta processor time 2 ms, total processor time 2 ms
Pid: 57058, delta processor time 1 ms, total processor time 1 ms
Pid: 57072, delta processor time 1 ms, total processor time 1 ms
Pid: 57106, delta processor time 1 ms, total processor time 1 ms
Pid: 54678, delta processor time 1 ms, total processor time 1 ms
Pid: 57067, delta processor time 1 ms, total processor time 1 ms
Pid: 57084, delta processor time 1 ms, total processor time 1 ms
Pid: 57094, delta processor time 1 ms, total processor time 1 ms
Pid: 57100, delta processor time 1 ms, total processor time 1 ms
Pid: 57078, delta processor time 1 ms, total processor time 1 ms
Pid: 665, delta processor time 1 ms, total processor time 1 ms
Pid: 57098, delta processor time 1 ms, total processor time 1 ms
Pid: 57076, delta processor time 1 ms, total processor time 1 ms
Pid: 57096, delta processor time 0 ms, total processor time 0 ms
Pid: 57074, delta processor time 0 ms, total processor time 0 ms
Pid: 52967, delta processor time 0 ms, total processor time 0 ms
Pid: 57083, delta processor time 0 ms, total processor time 0 ms
Pid: 57101, delta processor time 0 ms, total processor time 0 ms
Pid: 57107, delta processor time 0 ms, total processor time 0 ms
Pid: 57085, delta processor time 0 ms, total processor time 0 ms
Pid: 57109, delta processor time 0 ms, total processor time 0 ms
Pid: 57070, delta processor time 0 ms, total processor time 0 ms
Pid: 57087, delta processor time 0 ms, total processor time 0 ms
Pid: 57068, delta processor time 0 ms, total processor time 0 ms
Pid: 57103, delta processor time 0 ms, total processor time 0 ms
Pid: 57113, delta processor time 0 ms, total processor time 0 ms
Pid: 57081, delta processor time 0 ms, total processor time 0 ms
Pid: 57111, delta processor time 0 ms, total processor time 0 ms
Pid: 57102, delta processor time 0 ms, total processor time 0 ms
Pid: 57104, delta processor time 0 ms, total processor time 0 ms
Pid: 57079, delta processor time 0 ms, total processor time 0 ms
Pid: 57091, delta processor time 0 ms, total processor time 0 ms
Pid: 57082, delta processor time 0 ms, total processor time 0 ms
Pid: 57089, delta processor time 0 ms, total processor time 0 ms
Pid: 57080, delta processor time 0 ms, total processor time 0 ms
Pid: 988, delta processor time 0 ms, total processor time 0 ms
Pid: 57073, delta processor time 0 ms, total processor time 0 ms
Pid: 1143, delta processor time 0 ms, total processor time 0 ms
Pid: 57095, delta processor time 0 ms, total processor time 0 ms
Pid: 57105, delta processor time 0 ms, total processor time 0 ms
Pid: 704, delta processor time 0 ms, total processor time 0 ms
Pid: 42583, delta processor time 0 ms, total processor time 0 ms
Pid: 31, delta processor time 0 ms, total processor time 0 ms
Pid: 57069, delta processor time 0 ms, total processor time 0 ms
Pid: 57086, delta processor time 0 ms, total processor time 0 ms
Pid: 57112, delta processor time 0 ms, total processor time 0 ms
Pid: 57090, delta processor time 0 ms, total processor time 0 ms
Pid: 57108, delta processor time 0 ms, total processor time 0 ms
Pid: 57110, delta processor time 0 ms, total processor time 0 ms
Pid: 57092, delta processor time 0 ms, total processor time 0 ms
Pid: 57088, delta processor time 0 ms, total processor time 0 ms
Pid: 57114, delta processor time 0 ms, total processor time 0 ms
Pid: 57071, delta processor time 0 ms, total processor time 0 ms
Pid: 43099, delta processor time 0 ms, total processor time 0 ms
Pid: 28280, delta processor time 0 ms, total processor time 0 ms
Pid: 305, delta processor time 0 ms, total processor time 0 ms
Pid: 1107, delta processor time 0 ms, total processor time 0 ms
Pid: 28330, delta processor time 0 ms, total processor time 0 ms
Pid: 28335, delta processor time 0 ms, total processor time 0 ms
Pid: 668, delta processor time 0 ms, total processor time 0 ms
Pid: 812, delta processor time 0 ms, total processor time 0 ms
Pid: 41, delta processor time 0 ms, total processor time 0 ms
Pid: 57062, delta processor time 0 ms, total processor time 0 ms
Pid: 358, delta processor time 0 ms, total processor time 0 ms
Pid: 28391, delta processor time 0 ms, total processor time 0 ms
Pid: 42199, delta processor time 0 ms, total processor time 0 ms
Pid: 68, delta processor time 0 ms, total processor time 0 ms
Pid: 28412, delta processor time 0 ms, total processor time 0 ms
Pid: 970, delta processor time 0 ms, total processor time 0 ms
Pid: 924, delta processor time 0 ms, total processor time 0 ms
Pid: 57057, delta processor time 0 ms, total processor time 0 ms
Pid: 1010, delta processor time 0 ms, total processor time 0 ms
Pid: 49510, delta processor time 0 ms, total processor time 0 ms
Pid: 42395, delta processor time 0 ms, total processor time 0 ms
Pid: 28374, delta processor time 0 ms, total processor time 0 ms
Pid: 819, delta processor time 0 ms, total processor time 0 ms
Pid: 52278, delta processor time 0 ms, total processor time 0 ms
Pid: 70, delta processor time 0 ms, total processor time 0 ms
Pid: 26, delta processor time 0 ms, total processor time 0 ms
Pid: 51, delta processor time 0 ms, total processor time 0 ms
Pid: 208, delta processor time 0 ms, total processor time 0 ms
Pid: 706, delta processor time 0 ms, total processor time 0 ms
Pid: 199, delta processor time 0 ms, total processor time 0 ms
Pid: 20, delta processor time 0 ms, total processor time 0 ms
Pid: 21, delta processor time 0 ms, total processor time 0 ms
Pid: 14, delta processor time 0 ms, total processor time 0 ms
Pid: 45, delta processor time 0 ms, total processor time 0 ms
Pid: 16, delta processor time 0 ms, total processor time 0 ms
Pid: 40, delta processor time 0 ms, total processor time 0 ms
Pid: 25, delta processor time 0 ms, total processor time 0 ms
Pid: 30, delta processor time 0 ms, total processor time 0 ms
Pid: 35, delta processor time 0 ms, total processor time 0 ms
Pid: 50, delta processor time 0 ms, total processor time 0 ms
-------------------------------------------------
-------- Total idle time 1168354948 ms --------
-------------------------------------------------
--------------------- START ---------------------
--- Top 112 processes that take CPU time ---
-------------------------------------------------
Pid: 57034, delta processor time 10719 ms, total processor time 19839 ms
Pid: 52984, delta processor time 33 ms, total processor time 104 ms
Pid: 52653, delta processor time 15 ms, total processor time 48 ms
Pid: 52723, delta processor time 7 ms, total processor time 15 ms
Pid: 52684, delta processor time 7 ms, total processor time 37 ms
Pid: 988, delta processor time 5 ms, total processor time 6 ms
Pid: 52998, delta processor time 2 ms, total processor time 14 ms
Pid: 57118, delta processor time 2 ms, total processor time 2 ms
Pid: 57117, delta processor time 2 ms, total processor time 2 ms
Pid: 43709, delta processor time 2 ms, total processor time 4 ms
Pid: 15, delta processor time 1 ms, total processor time 4 ms
Pid: 52967, delta processor time 0 ms, total processor time 1 ms
Pid: 54678, delta processor time 0 ms, total processor time 1 ms
Pid: 57066, delta processor time 0 ms, total processor time 0 ms
Pid: 704, delta processor time 0 ms, total processor time 0 ms
Pid: 31, delta processor time 0 ms, total processor time 0 ms
Pid: 1107, delta processor time 0 ms, total processor time 0 ms
Pid: 305, delta processor time 0 ms, total processor time 0 ms
Pid: 42583, delta processor time 0 ms, total processor time 0 ms
Pid: 668, delta processor time 0 ms, total processor time 0 ms
Pid: 28280, delta processor time 0 ms, total processor time 0 ms
Pid: 42199, delta processor time 0 ms, total processor time 0 ms
Pid: 970, delta processor time 0 ms, total processor time 0 ms
Pid: 68, delta processor time 0 ms, total processor time 0 ms
Pid: 43099, delta processor time 0 ms, total processor time 0 ms
Pid: 28330, delta processor time 0 ms, total processor time 0 ms
Pid: 28391, delta processor time 0 ms, total processor time 0 ms
Pid: 812, delta processor time 0 ms, total processor time 0 ms
Pid: 28335, delta processor time 0 ms, total processor time 0 ms
Pid: 42395, delta processor time 0 ms, total processor time 0 ms
Pid: 924, delta processor time 0 ms, total processor time 0 ms
Pid: 52278, delta processor time 0 ms, total processor time 0 ms
Pid: 28374, delta processor time 0 ms, total processor time 0 ms
Pid: 49510, delta processor time 0 ms, total processor time 0 ms
Pid: 20, delta processor time 0 ms, total processor time 0 ms
Pid: 14, delta processor time 0 ms, total processor time 0 ms
Pid: 70, delta processor time 0 ms, total processor time 0 ms
Pid: 819, delta processor time 0 ms, total processor time 0 ms
Pid: 45, delta processor time 0 ms, total processor time 0 ms
Pid: 208, delta processor time 0 ms, total processor time 0 ms
Pid: 40, delta processor time 0 ms, total processor time 0 ms
Pid: 706, delta processor time 0 ms, total processor time 0 ms
Pid: 16, delta processor time 0 ms, total processor time 0 ms
Pid: 78, delta processor time 0 ms, total processor time 0 ms
Pid: 35, delta processor time 0 ms, total processor time 0 ms
Pid: 30, delta processor time 0 ms, total processor time 0 ms
Pid: 26, delta processor time 0 ms, total processor time 0 ms
Pid: 25, delta processor time 0 ms, total processor time 0 ms
Pid: 50, delta processor time 0 ms, total processor time 0 ms
Pid: 21, delta processor time 0 ms, total processor time 0 ms
Pid: 201, delta processor time 0 ms, total processor time 0 ms
Pid: 57075, delta processor time 0 ms, total processor time 10 ms
Pid: 57097, delta processor time 0 ms, total processor time 10 ms
Pid: 57077, delta processor time 0 ms, total processor time 4 ms
Pid: 57099, delta processor time 0 ms, total processor time 4 ms
Pid: 57116, delta processor time 0 ms, total processor time 2 ms
Pid: 57115, delta processor time 0 ms, total processor time 2 ms
Pid: 57093, delta processor time 0 ms, total processor time 2 ms
Pid: 57058, delta processor time 0 ms, total processor time 1 ms
Pid: 57072, delta processor time 0 ms, total processor time 1 ms
Pid: 57106, delta processor time 0 ms, total processor time 1 ms
Pid: 57067, delta processor time 0 ms, total processor time 1 ms
Pid: 57084, delta processor time 0 ms, total processor time 1 ms
Pid: 57094, delta processor time 0 ms, total processor time 1 ms
Pid: 57100, delta processor time 0 ms, total processor time 1 ms
Pid: 57078, delta processor time 0 ms, total processor time 1 ms
Pid: 665, delta processor time 0 ms, total processor time 1 ms
Pid: 57098, delta processor time 0 ms, total processor time 1 ms
Pid: 57076, delta processor time 0 ms, total processor time 1 ms
Pid: 57096, delta processor time 0 ms, total processor time 0 ms
Pid: 57074, delta processor time 0 ms, total processor time 0 ms
Pid: 57083, delta processor time 0 ms, total processor time 0 ms
Pid: 57101, delta processor time 0 ms, total processor time 0 ms
Pid: 57107, delta processor time 0 ms, total processor time 0 ms
Pid: 57085, delta processor time 0 ms, total processor time 0 ms
Pid: 57109, delta processor time 0 ms, total processor time 0 ms
Pid: 57070, delta processor time 0 ms, total processor time 0 ms
Pid: 57087, delta processor time 0 ms, total processor time 0 ms
Pid: 57068, delta processor time 0 ms, total processor time 0 ms
Pid: 57103, delta processor time 0 ms, total processor time 0 ms
Pid: 57113, delta processor time 0 ms, total processor time 0 ms
Pid: 57081, delta processor time 0 ms, total processor time 0 ms
Pid: 57111, delta processor time 0 ms, total processor time 0 ms
Pid: 57102, delta processor time 0 ms, total processor time 0 ms
Pid: 57104, delta processor time 0 ms, total processor time 0 ms
Pid: 57079, delta processor time 0 ms, total processor time 0 ms
Pid: 57091, delta processor time 0 ms, total processor time 0 ms
Pid: 57082, delta processor time 0 ms, total processor time 0 ms
Pid: 57089, delta processor time 0 ms, total processor time 0 ms
Pid: 57080, delta processor time 0 ms, total processor time 0 ms
Pid: 57073, delta processor time 0 ms, total processor time 0 ms
Pid: 1143, delta processor time 0 ms, total processor time 0 ms
Pid: 57095, delta processor time 0 ms, total processor time 0 ms
Pid: 57105, delta processor time 0 ms, total processor time 0 ms
Pid: 57069, delta processor time 0 ms, total processor time 0 ms
Pid: 57086, delta processor time 0 ms, total processor time 0 ms
Pid: 57112, delta processor time 0 ms, total processor time 0 ms
Pid: 57090, delta processor time 0 ms, total processor time 0 ms
Pid: 57108, delta processor time 0 ms, total processor time 0 ms
Pid: 57110, delta processor time 0 ms, total processor time 0 ms
Pid: 57092, delta processor time 0 ms, total processor time 0 ms
Pid: 57088, delta processor time 0 ms, total processor time 0 ms
Pid: 57114, delta processor time 0 ms, total processor time 0 ms
Pid: 57071, delta processor time 0 ms, total processor time 0 ms
Pid: 41, delta processor time 0 ms, total processor time 0 ms
Pid: 57062, delta processor time 0 ms, total processor time 0 ms
Pid: 358, delta processor time 0 ms, total processor time 0 ms
Pid: 28412, delta processor time 0 ms, total processor time 0 ms
Pid: 57057, delta processor time 0 ms, total processor time 0 ms
Pid: 1010, delta processor time 0 ms, total processor time 0 ms
Pid: 51, delta processor time 0 ms, total processor time 0 ms
Pid: 199, delta processor time 0 ms, total processor time 0 ms
-------------------------------------------------
-------- Total idle time 1168424606 ms --------
-------------------------------------------------
--------------------- START ---------------------
--- Top 120 processes that take CPU time ---
-------------------------------------------------
Pid: 53140, delta processor time 11435 ms, total processor time 11435 ms
Pid: 57034, delta processor time 9859 ms, total processor time 29699 ms
Pid: 52984, delta processor time 1083 ms, total processor time 1188 ms
Pid: 52684, delta processor time 89 ms, total processor time 126 ms
Pid: 52723, delta processor time 56 ms, total processor time 71 ms
Pid: 52653, delta processor time 21 ms, total processor time 69 ms
Pid: 52998, delta processor time 4 ms, total processor time 19 ms
Pid: 57120, delta processor time 2 ms, total processor time 2 ms
Pid: 57119, delta processor time 2 ms, total processor time 2 ms
Pid: 57126, delta processor time 2 ms, total processor time 2 ms
Pid: 15, delta processor time 2 ms, total processor time 7 ms
Pid: 43709, delta processor time 2 ms, total processor time 7 ms
Pid: 52278, delta processor time 1 ms, total processor time 1 ms
Pid: 988, delta processor time 1 ms, total processor time 7 ms
Pid: 52967, delta processor time 1 ms, total processor time 2 ms
Pid: 704, delta processor time 0 ms, total processor time 1 ms
Pid: 31, delta processor time 0 ms, total processor time 1 ms
Pid: 1107, delta processor time 0 ms, total processor time 0 ms
Pid: 668, delta processor time 0 ms, total processor time 0 ms
Pid: 57066, delta processor time 0 ms, total processor time 0 ms
Pid: 305, delta processor time 0 ms, total processor time 0 ms
Pid: 42583, delta processor time 0 ms, total processor time 0 ms
Pid: 28280, delta processor time 0 ms, total processor time 0 ms
Pid: 14, delta processor time 0 ms, total processor time 0 ms
Pid: 42199, delta processor time 0 ms, total processor time 0 ms
Pid: 28330, delta processor time 0 ms, total processor time 0 ms
Pid: 49510, delta processor time 0 ms, total processor time 0 ms
Pid: 43099, delta processor time 0 ms, total processor time 0 ms
Pid: 812, delta processor time 0 ms, total processor time 0 ms
Pid: 68, delta processor time 0 ms, total processor time 0 ms
Pid: 28412, delta processor time 0 ms, total processor time 0 ms
Pid: 28335, delta processor time 0 ms, total processor time 0 ms
Pid: 924, delta processor time 0 ms, total processor time 0 ms
Pid: 28391, delta processor time 0 ms, total processor time 0 ms
Pid: 42395, delta processor time 0 ms, total processor time 0 ms
Pid: 1010, delta processor time 0 ms, total processor time 0 ms
Pid: 970, delta processor time 0 ms, total processor time 0 ms
Pid: 28374, delta processor time 0 ms, total processor time 0 ms
Pid: 665, delta processor time 0 ms, total processor time 1 ms
Pid: 41, delta processor time 0 ms, total processor time 0 ms
Pid: 70, delta processor time 0 ms, total processor time 0 ms
Pid: 819, delta processor time 0 ms, total processor time 0 ms
Pid: 200, delta processor time 0 ms, total processor time 0 ms
Pid: 202, delta processor time 0 ms, total processor time 0 ms
Pid: 16, delta processor time 0 ms, total processor time 0 ms
Pid: 208, delta processor time 0 ms, total processor time 0 ms
Pid: 706, delta processor time 0 ms, total processor time 0 ms
Pid: 20, delta processor time 0 ms, total processor time 0 ms
Pid: 36, delta processor time 0 ms, total processor time 0 ms
Pid: 54678, delta processor time 0 ms, total processor time 1 ms
Pid: 45, delta processor time 0 ms, total processor time 0 ms
Pid: 46, delta processor time 0 ms, total processor time 0 ms
Pid: 201, delta processor time 0 ms, total processor time 0 ms
Pid: 21, delta processor time 0 ms, total processor time 0 ms
Pid: 30, delta processor time 0 ms, total processor time 0 ms
Pid: 50, delta processor time 0 ms, total processor time 0 ms
Pid: 35, delta processor time 0 ms, total processor time 0 ms
Pid: 40, delta processor time 0 ms, total processor time 0 ms
Pid: 78, delta processor time 0 ms, total processor time 0 ms
Pid: 25, delta processor time 0 ms, total processor time 0 ms
Pid: 26, delta processor time 0 ms, total processor time 0 ms
Pid: 57075, delta processor time 0 ms, total processor time 10 ms
Pid: 57097, delta processor time 0 ms, total processor time 10 ms
Pid: 57077, delta processor time 0 ms, total processor time 4 ms
Pid: 57099, delta processor time 0 ms, total processor time 4 ms
Pid: 57116, delta processor time 0 ms, total processor time 2 ms
Pid: 57115, delta processor time 0 ms, total processor time 2 ms
Pid: 57118, delta processor time 0 ms, total processor time 2 ms
Pid: 57117, delta processor time 0 ms, total processor time 2 ms
Pid: 57093, delta processor time 0 ms, total processor time 2 ms
Pid: 57058, delta processor time 0 ms, total processor time 1 ms
Pid: 57072, delta processor time 0 ms, total processor time 1 ms
Pid: 57106, delta processor time 0 ms, total processor time 1 ms
Pid: 57067, delta processor time 0 ms, total processor time 1 ms
Pid: 57084, delta processor time 0 ms, total processor time 1 ms
Pid: 57094, delta processor time 0 ms, total processor time 1 ms
Pid: 57100, delta processor time 0 ms, total processor time 1 ms
Pid: 57078, delta processor time 0 ms, total processor time 1 ms
Pid: 57098, delta processor time 0 ms, total processor time 1 ms
Pid: 57076, delta processor time 0 ms, total processor time 1 ms
Pid: 57096, delta processor time 0 ms, total processor time 0 ms
Pid: 57074, delta processor time 0 ms, total processor time 0 ms
Pid: 57083, delta processor time 0 ms, total processor time 0 ms
Pid: 57101, delta processor time 0 ms, total processor time 0 ms
Pid: 57107, delta processor time 0 ms, total processor time 0 ms
Pid: 57085, delta processor time 0 ms, total processor time 0 ms
Pid: 57109, delta processor time 0 ms, total processor time 0 ms
Pid: 57070, delta processor time 0 ms, total processor time 0 ms
Pid: 57087, delta processor time 0 ms, total processor time 0 ms
Pid: 57068, delta processor time 0 ms, total processor time 0 ms
Pid: 57103, delta processor time 0 ms, total processor time 0 ms
Pid: 57113, delta processor time 0 ms, total processor time 0 ms
Pid: 57081, delta processor time 0 ms, total processor time 0 ms
Pid: 57111, delta processor time 0 ms, total processor time 0 ms
Pid: 57102, delta processor time 0 ms, total processor time 0 ms
Pid: 57104, delta processor time 0 ms, total processor time 0 ms
Pid: 57079, delta processor time 0 ms, total processor time 0 ms
Pid: 57091, delta processor time 0 ms, total processor time 0 ms
Pid: 57082, delta processor time 0 ms, total processor time 0 ms
Pid: 57089, delta processor time 0 ms, total processor time 0 ms
Pid: 57080, delta processor time 0 ms, total processor time 0 ms
Pid: 57073, delta processor time 0 ms, total processor time 0 ms
Pid: 1143, delta processor time 0 ms, total processor time 0 ms
Pid: 57095, delta processor time 0 ms, total processor time 0 ms
Pid: 57105, delta processor time 0 ms, total processor time 0 ms
Pid: 57069, delta processor time 0 ms, total processor time 0 ms
Pid: 57086, delta processor time 0 ms, total processor time 0 ms
Pid: 57112, delta processor time 0 ms, total processor time 0 ms
Pid: 57090, delta processor time 0 ms, total processor time 0 ms
Pid: 57108, delta processor time 0 ms, total processor time 0 ms
Pid: 57110, delta processor time 0 ms, total processor time 0 ms
Pid: 57092, delta processor time 0 ms, total processor time 0 ms
Pid: 57088, delta processor time 0 ms, total processor time 0 ms
Pid: 57114, delta processor time 0 ms, total processor time 0 ms
Pid: 57071, delta processor time 0 ms, total processor time 0 ms
Pid: 57062, delta processor time 0 ms, total processor time 0 ms
Pid: 358, delta processor time 0 ms, total processor time 0 ms
Pid: 57057, delta processor time 0 ms, total processor time 0 ms
Pid: 51, delta processor time 0 ms, total processor time 0 ms
Pid: 199, delta processor time 0 ms, total processor time 0 ms
-------------------------------------------------
-------- Total idle time 1168481709 ms --------
-------------------------------------------------
--------------------- START ---------------------
--- Top 124 processes that take CPU time ---
-------------------------------------------------
Pid: 57034, delta processor time 10043 ms, total processor time 39743 ms
Pid: 53140, delta processor time 6975 ms, total processor time 18410 ms
Pid: 52984, delta processor time 69 ms, total processor time 1258 ms
Pid: 52653, delta processor time 12 ms, total processor time 82 ms
Pid: 52684, delta processor time 10 ms, total processor time 137 ms
Pid: 988, delta processor time 6 ms, total processor time 14 ms
Pid: 52723, delta processor time 6 ms, total processor time 77 ms
Pid: 52998, delta processor time 3 ms, total processor time 22 ms
Pid: 57128, delta processor time 2 ms, total processor time 2 ms
Pid: 43709, delta processor time 2 ms, total processor time 9 ms
Pid: 52967, delta processor time 1 ms, total processor time 4 ms
Pid: 15, delta processor time 1 ms, total processor time 8 ms
Pid: 704, delta processor time 0 ms, total processor time 2 ms
Pid: 31, delta processor time 0 ms, total processor time 1 ms
Pid: 54678, delta processor time 0 ms, total processor time 2 ms
Pid: 57066, delta processor time 0 ms, total processor time 1 ms
Pid: 1107, delta processor time 0 ms, total processor time 1 ms
Pid: 52278, delta processor time 0 ms, total processor time 2 ms
Pid: 668, delta processor time 0 ms, total processor time 1 ms
Pid: 305, delta processor time 0 ms, total processor time 0 ms
Pid: 28330, delta processor time 0 ms, total processor time 0 ms
Pid: 42583, delta processor time 0 ms, total processor time 1 ms
Pid: 358, delta processor time 0 ms, total processor time 0 ms
Pid: 28280, delta processor time 0 ms, total processor time 0 ms
Pid: 42395, delta processor time 0 ms, total processor time 0 ms
Pid: 1010, delta processor time 0 ms, total processor time 0 ms
Pid: 28391, delta processor time 0 ms, total processor time 0 ms
Pid: 970, delta processor time 0 ms, total processor time 0 ms
Pid: 49510, delta processor time 0 ms, total processor time 0 ms
Pid: 68, delta processor time 0 ms, total processor time 0 ms
Pid: 28374, delta processor time 0 ms, total processor time 0 ms
Pid: 28412, delta processor time 0 ms, total processor time 0 ms
Pid: 924, delta processor time 0 ms, total processor time 0 ms
Pid: 43099, delta processor time 0 ms, total processor time 0 ms
Pid: 65, delta processor time 0 ms, total processor time 0 ms
Pid: 42199, delta processor time 0 ms, total processor time 0 ms
Pid: 28335, delta processor time 0 ms, total processor time 0 ms
Pid: 812, delta processor time 0 ms, total processor time 0 ms
Pid: 208, delta processor time 0 ms, total processor time 0 ms
Pid: 706, delta processor time 0 ms, total processor time 0 ms
Pid: 667, delta processor time 0 ms, total processor time 0 ms
Pid: 819, delta processor time 0 ms, total processor time 0 ms
Pid: 188, delta processor time 0 ms, total processor time 0 ms
Pid: 14, delta processor time 0 ms, total processor time 0 ms
Pid: 70, delta processor time 0 ms, total processor time 0 ms
Pid: 40, delta processor time 0 ms, total processor time 0 ms
Pid: 16, delta processor time 0 ms, total processor time 0 ms
Pid: 78, delta processor time 0 ms, total processor time 0 ms
Pid: 50, delta processor time 0 ms, total processor time 0 ms
Pid: 20, delta processor time 0 ms, total processor time 0 ms
Pid: 45, delta processor time 0 ms, total processor time 0 ms
Pid: 35, delta processor time 0 ms, total processor time 0 ms
Pid: 30, delta processor time 0 ms, total processor time 0 ms
Pid: 25, delta processor time 0 ms, total processor time 0 ms
Pid: 202, delta processor time 0 ms, total processor time 0 ms
Pid: 57075, delta processor time 0 ms, total processor time 10 ms
Pid: 57097, delta processor time 0 ms, total processor time 10 ms
Pid: 57077, delta processor time 0 ms, total processor time 4 ms
Pid: 57099, delta processor time 0 ms, total processor time 4 ms
Pid: 57120, delta processor time 0 ms, total processor time 2 ms
Pid: 57119, delta processor time 0 ms, total processor time 2 ms
Pid: 57126, delta processor time 0 ms, total processor time 2 ms
Pid: 57116, delta processor time 0 ms, total processor time 2 ms
Pid: 57115, delta processor time 0 ms, total processor time 2 ms
Pid: 57118, delta processor time 0 ms, total processor time 2 ms
Pid: 57117, delta processor time 0 ms, total processor time 2 ms
Pid: 57093, delta processor time 0 ms, total processor time 2 ms
Pid: 57058, delta processor time 0 ms, total processor time 1 ms
Pid: 57072, delta processor time 0 ms, total processor time 1 ms
Pid: 57106, delta processor time 0 ms, total processor time 1 ms
Pid: 57067, delta processor time 0 ms, total processor time 1 ms
Pid: 57084, delta processor time 0 ms, total processor time 1 ms
Pid: 665, delta processor time 0 ms, total processor time 1 ms
Pid: 57094, delta processor time 0 ms, total processor time 1 ms
Pid: 57100, delta processor time 0 ms, total processor time 1 ms
Pid: 57078, delta processor time 0 ms, total processor time 1 ms
Pid: 57098, delta processor time 0 ms, total processor time 1 ms
Pid: 57076, delta processor time 0 ms, total processor time 1 ms
Pid: 57096, delta processor time 0 ms, total processor time 0 ms
Pid: 57074, delta processor time 0 ms, total processor time 0 ms
Pid: 57083, delta processor time 0 ms, total processor time 0 ms
Pid: 57101, delta processor time 0 ms, total processor time 0 ms
Pid: 57107, delta processor time 0 ms, total processor time 0 ms
Pid: 57085, delta processor time 0 ms, total processor time 0 ms
Pid: 57109, delta processor time 0 ms, total processor time 0 ms
Pid: 57070, delta processor time 0 ms, total processor time 0 ms
Pid: 57087, delta processor time 0 ms, total processor time 0 ms
Pid: 57068, delta processor time 0 ms, total processor time 0 ms
Pid: 57103, delta processor time 0 ms, total processor time 0 ms
Pid: 57113, delta processor time 0 ms, total processor time 0 ms
Pid: 57081, delta processor time 0 ms, total processor time 0 ms
Pid: 57111, delta processor time 0 ms, total processor time 0 ms
Pid: 57102, delta processor time 0 ms, total processor time 0 ms
Pid: 57104, delta processor time 0 ms, total processor time 0 ms
Pid: 57079, delta processor time 0 ms, total processor time 0 ms
Pid: 57091, delta processor time 0 ms, total processor time 0 ms
Pid: 57082, delta processor time 0 ms, total processor time 0 ms
Pid: 57089, delta processor time 0 ms, total processor time 0 ms
Pid: 57080, delta processor time 0 ms, total processor time 0 ms
Pid: 57073, delta processor time 0 ms, total processor time 0 ms
Pid: 1143, delta processor time 0 ms, total processor time 0 ms
Pid: 57095, delta processor time 0 ms, total processor time 0 ms
Pid: 57105, delta processor time 0 ms, total processor time 0 ms
Pid: 57069, delta processor time 0 ms, total processor time 0 ms
Pid: 57086, delta processor time 0 ms, total processor time 0 ms
Pid: 57112, delta processor time 0 ms, total processor time 0 ms
Pid: 57090, delta processor time 0 ms, total processor time 0 ms
Pid: 57108, delta processor time 0 ms, total processor time 0 ms
Pid: 57110, delta processor time 0 ms, total processor time 0 ms
Pid: 57092, delta processor time 0 ms, total processor time 0 ms
Pid: 57088, delta processor time 0 ms, total processor time 0 ms
Pid: 57114, delta processor time 0 ms, total processor time 0 ms
Pid: 57071, delta processor time 0 ms, total processor time 0 ms
Pid: 41, delta processor time 0 ms, total processor time 0 ms
Pid: 57062, delta processor time 0 ms, total processor time 0 ms
Pid: 57057, delta processor time 0 ms, total processor time 0 ms
Pid: 26, delta processor time 0 ms, total processor time 0 ms
Pid: 200, delta processor time 0 ms, total processor time 0 ms
Pid: 51, delta processor time 0 ms, total processor time 0 ms
Pid: 21, delta processor time 0 ms, total processor time 0 ms
Pid: 36, delta processor time 0 ms, total processor time 0 ms
Pid: 201, delta processor time 0 ms, total processor time 0 ms
Pid: 46, delta processor time 0 ms, total processor time 0 ms
Pid: 199, delta processor time 0 ms, total processor time 0 ms
-------------------------------------------------
-------- Total idle time 1168544832 ms --------
-------------------------------------------------
--------------------- START ---------------------
--- Top 130 processes that take CPU time ---
-------------------------------------------------
Pid: 57034, delta processor time 10015 ms, total processor time 49759 ms
Pid: 52984, delta processor time 83 ms, total processor time 1342 ms
Pid: 52653, delta processor time 16 ms, total processor time 99 ms
Pid: 52723, delta processor time 16 ms, total processor time 94 ms
Pid: 53140, delta processor time 12 ms, total processor time 18423 ms
Pid: 52684, delta processor time 9 ms, total processor time 146 ms
Pid: 988, delta processor time 5 ms, total processor time 19 ms
Pid: 52998, delta processor time 4 ms, total processor time 27 ms
Pid: 57130, delta processor time 2 ms, total processor time 2 ms
Pid: 57131, delta processor time 2 ms, total processor time 2 ms
Pid: 57129, delta processor time 2 ms, total processor time 2 ms
Pid: 43709, delta processor time 2 ms, total processor time 12 ms
Pid: 15, delta processor time 0 ms, total processor time 9 ms
Pid: 52967, delta processor time 0 ms, total processor time 5 ms
Pid: 91, delta processor time 0 ms, total processor time 0 ms
Pid: 52278, delta processor time 0 ms, total processor time 2 ms
Pid: 57066, delta processor time 0 ms, total processor time 1 ms
Pid: 704, delta processor time 0 ms, total processor time 2 ms
Pid: 54678, delta processor time 0 ms, total processor time 2 ms
Pid: 42583, delta processor time 0 ms, total processor time 1 ms
Pid: 1107, delta processor time 0 ms, total processor time 1 ms
Pid: 42395, delta processor time 0 ms, total processor time 0 ms
Pid: 305, delta processor time 0 ms, total processor time 1 ms
Pid: 49510, delta processor time 0 ms, total processor time 0 ms
Pid: 28335, delta processor time 0 ms, total processor time 0 ms
Pid: 812, delta processor time 0 ms, total processor time 0 ms
Pid: 668, delta processor time 0 ms, total processor time 1 ms
Pid: 1010, delta processor time 0 ms, total processor time 0 ms
Pid: 28412, delta processor time 0 ms, total processor time 0 ms
Pid: 28280, delta processor time 0 ms, total processor time 0 ms
Pid: 630, delta processor time 0 ms, total processor time 0 ms
Pid: 924, delta processor time 0 ms, total processor time 0 ms
Pid: 28330, delta processor time 0 ms, total processor time 0 ms
Pid: 970, delta processor time 0 ms, total processor time 0 ms
Pid: 28391, delta processor time 0 ms, total processor time 0 ms
Pid: 68, delta processor time 0 ms, total processor time 0 ms
Pid: 43099, delta processor time 0 ms, total processor time 0 ms
Pid: 1, delta processor time 0 ms, total processor time 0 ms
Pid: 70, delta processor time 0 ms, total processor time 0 ms
Pid: 42199, delta processor time 0 ms, total processor time 0 ms
Pid: 819, delta processor time 0 ms, total processor time 0 ms
Pid: 208, delta processor time 0 ms, total processor time 0 ms
Pid: 28374, delta processor time 0 ms, total processor time 0 ms
Pid: 188, delta processor time 0 ms, total processor time 0 ms
Pid: 706, delta processor time 0 ms, total processor time 0 ms
Pid: 21, delta processor time 0 ms, total processor time 0 ms
Pid: 35, delta processor time 0 ms, total processor time 0 ms
Pid: 30, delta processor time 0 ms, total processor time 0 ms
Pid: 31, delta processor time 0 ms, total processor time 1 ms
Pid: 46, delta processor time 0 ms, total processor time 0 ms
Pid: 14, delta processor time 0 ms, total processor time 0 ms
Pid: 16, delta processor time 0 ms, total processor time 0 ms
Pid: 45, delta processor time 0 ms, total processor time 0 ms
Pid: 40, delta processor time 0 ms, total processor time 0 ms
Pid: 20, delta processor time 0 ms, total processor time 0 ms
Pid: 25, delta processor time 0 ms, total processor time 0 ms
Pid: 50, delta processor time 0 ms, total processor time 0 ms
Pid: 202, delta processor time 0 ms, total processor time 0 ms
Pid: 78, delta processor time 0 ms, total processor time 0 ms
Pid: 57075, delta processor time 0 ms, total processor time 10 ms
Pid: 57097, delta processor time 0 ms, total processor time 10 ms
Pid: 57077, delta processor time 0 ms, total processor time 4 ms
Pid: 57099, delta processor time 0 ms, total processor time 4 ms
Pid: 57120, delta processor time 0 ms, total processor time 2 ms
Pid: 57119, delta processor time 0 ms, total processor time 2 ms
Pid: 57126, delta processor time 0 ms, total processor time 2 ms
Pid: 57116, delta processor time 0 ms, total processor time 2 ms
Pid: 57115, delta processor time 0 ms, total processor time 2 ms
Pid: 57118, delta processor time 0 ms, total processor time 2 ms
Pid: 57117, delta processor time 0 ms, total processor time 2 ms
Pid: 57093, delta processor time 0 ms, total processor time 2 ms
Pid: 57128, delta processor time 0 ms, total processor time 2 ms
Pid: 57058, delta processor time 0 ms, total processor time 1 ms
Pid: 57072, delta processor time 0 ms, total processor time 1 ms
Pid: 57106, delta processor time 0 ms, total processor time 1 ms
Pid: 57067, delta processor time 0 ms, total processor time 1 ms
Pid: 57084, delta processor time 0 ms, total processor time 1 ms
Pid: 665, delta processor time 0 ms, total processor time 1 ms
Pid: 57094, delta processor time 0 ms, total processor time 1 ms
Pid: 57100, delta processor time 0 ms, total processor time 1 ms
Pid: 57078, delta processor time 0 ms, total processor time 1 ms
Pid: 57098, delta processor time 0 ms, total processor time 1 ms
Pid: 57076, delta processor time 0 ms, total processor time 1 ms
Pid: 57096, delta processor time 0 ms, total processor time 0 ms
Pid: 57074, delta processor time 0 ms, total processor time 0 ms
Pid: 57083, delta processor time 0 ms, total processor time 0 ms
Pid: 57101, delta processor time 0 ms, total processor time 0 ms
Pid: 57107, delta processor time 0 ms, total processor time 0 ms
Pid: 57085, delta processor time 0 ms, total processor time 0 ms
Pid: 57109, delta processor time 0 ms, total processor time 0 ms
Pid: 57070, delta processor time 0 ms, total processor time 0 ms
Pid: 57087, delta processor time 0 ms, total processor time 0 ms
Pid: 57068, delta processor time 0 ms, total processor time 0 ms
Pid: 57103, delta processor time 0 ms, total processor time 0 ms
Pid: 57113, delta processor time 0 ms, total processor time 0 ms
Pid: 57081, delta processor time 0 ms, total processor time 0 ms
Pid: 57111, delta processor time 0 ms, total processor time 0 ms
Pid: 57102, delta processor time 0 ms, total processor time 0 ms
Pid: 57104, delta processor time 0 ms, total processor time 0 ms
Pid: 57079, delta processor time 0 ms, total processor time 0 ms
Pid: 57091, delta processor time 0 ms, total processor time 0 ms
Pid: 57082, delta processor time 0 ms, total processor time 0 ms
Pid: 57089, delta processor time 0 ms, total processor time 0 ms
Pid: 57080, delta processor time 0 ms, total processor time 0 ms
Pid: 57073, delta processor time 0 ms, total processor time 0 ms
Pid: 1143, delta processor time 0 ms, total processor time 0 ms
Pid: 57095, delta processor time 0 ms, total processor time 0 ms
Pid: 57105, delta processor time 0 ms, total processor time 0 ms
Pid: 57069, delta processor time 0 ms, total processor time 0 ms
Pid: 57086, delta processor time 0 ms, total processor time 0 ms
Pid: 57112, delta processor time 0 ms, total processor time 0 ms
Pid: 358, delta processor time 0 ms, total processor time 0 ms
Pid: 57090, delta processor time 0 ms, total processor time 0 ms
Pid: 57108, delta processor time 0 ms, total processor time 0 ms
Pid: 57110, delta processor time 0 ms, total processor time 0 ms
Pid: 57092, delta processor time 0 ms, total processor time 0 ms
Pid: 57088, delta processor time 0 ms, total processor time 0 ms
Pid: 57114, delta processor time 0 ms, total processor time 0 ms
Pid: 57071, delta processor time 0 ms, total processor time 0 ms
Pid: 41, delta processor time 0 ms, total processor time 0 ms
Pid: 57062, delta processor time 0 ms, total processor time 0 ms
Pid: 57057, delta processor time 0 ms, total processor time 0 ms
Pid: 26, delta processor time 0 ms, total processor time 0 ms
Pid: 65, delta processor time 0 ms, total processor time 0 ms
Pid: 200, delta processor time 0 ms, total processor time 0 ms
Pid: 51, delta processor time 0 ms, total processor time 0 ms
Pid: 667, delta processor time 0 ms, total processor time 0 ms
Pid: 36, delta processor time 0 ms, total processor time 0 ms
Pid: 201, delta processor time 0 ms, total processor time 0 ms
Pid: 199, delta processor time 0 ms, total processor time 0 ms
-------------------------------------------------
-------- Total idle time 1168613875 ms --------
-------------------------------------------------